[debug] [2021-07-06T16:07:14.355Z] ----------------------------------------------------------------------
[debug] [2021-07-06T16:07:14.360Z] Command:       C:\Program Files\nodejs\node.exe C:\Users\shah\AppData\Roaming\npm\node_modules\firebase-tools\lib\bin\firebase.js projects:list
[debug] [2021-07-06T16:07:14.361Z] CLI Version:   9.14.0
[debug] [2021-07-06T16:07:14.361Z] Platform:      win32
[debug] [2021-07-06T16:07:14.362Z] Node Version:  v14.17.0
[debug] [2021-07-06T16:07:14.364Z] Time:          Tue Jul 06 2021 20:37:14 GMT+0430 (Iran Daylight Time)
[debug] [2021-07-06T16:07:14.364Z] ----------------------------------------------------------------------
[debug] 
[debug] [2021-07-06T16:07:14.369Z] >>> [apiv2][query] GET https://firebase-public.firebaseio.com/cli.json [none]
[debug] [2021-07-06T16:07:14.412Z] > command requires scopes: ["email","openid","https://www.googleapis.com/auth/cloudplatformprojects.readonly","https://www.googleapis.com/auth/firebase","https://www.googleapis.com/auth/cloud-platform"]
[debug] [2021-07-06T16:07:14.413Z] > authorizing via signed-in user (vahid.bagheri1379@gmail.com)
[debug] [2021-07-06T16:07:14.429Z] >>> [apiv2][query] GET https://firebase.googleapis.com/v1beta1/projects pageSize=1000
[debug] [2021-07-06T16:07:14.988Z] Failed to make request: invalid json response body at https://firebase.googleapis.com/v1beta1/projects?pageSize=1000 reason: Unexpected token < in JSON at position 0
[debug] [2021-07-06T16:07:15.510Z] FirebaseError: Failed to make request: invalid json response body at https://firebase.googleapis.com/v1beta1/projects?pageSize=1000 reason: Unexpected token < in JSON at position 0
    at Client.request (C:\Users\shah\AppData\Roaming\npm\node_modules\firebase-tools\lib\apiv2.js:109:19)
    at processTicksAndRejections (internal/process/task_queues.js:95:5)
    at async getProjectPage (C:\Users\shah\AppData\Roaming\npm\node_modules\firebase-tools\lib\management\projects.js:233:17)
    at async getFirebaseProjectPage (C:\Users\shah\AppData\Roaming\npm\node_modules\firebase-tools\lib\management\projects.js:250:23)
    at async Object.listFirebaseProjects (C:\Users\shah\AppData\Roaming\npm\node_modules\firebase-tools\lib\management\projects.js:281:29)
    at async Command.actionFn (C:\Users\shah\AppData\Roaming\npm\node_modules\firebase-tools\lib\commands\projects-list.js:50:20)
[error] 
[error] Error: Failed to list Firebase projects. See firebase-debug.log for more info.
